<?xml version="1.0" encoding="UTF-8"?>
<testsuites>
  <testsuite name="CalculatorTest" file="D:\jenkinsPhpTests\CalculatorTest.php" tests="3" assertions="3" errors="0" warnings="0" failures="0" skipped="0" time="0.006270">
    <testcase name="testAdd" class="CalculatorTest" classname="CalculatorTest" file="D:\jenkinsPhpTests\CalculatorTest.php" line="9" assertions="1" time="0.006172"/>
    <testcase name="testSubtract" class="CalculatorTest" classname="CalculatorTest" file="D:\jenkinsPhpTests\CalculatorTest.php" line="15" assertions="1" time="0.000053"/>
    <testcase name="testAddNegativeNumbers" class="CalculatorTest" classname="CalculatorTest" file="D:\jenkinsPhpTests\CalculatorTest.php" line="21" assertions="1" time="0.000045"/>
  </testsuite>
</testsuites>
